<?xml version="1.0" encoding="UTF-8"?>
<!-- Generated by org.testng.reporters.JUnitXMLReporter -->
<testsuite ignored="1" hostname="INFLAP322" failures="0" tests="3" name="authentication" time="22.463" errors="0" timestamp="2020-12-25T14:33:06 IST">
  <testcase classname="com.demoblaze.tests.AuthenticationTest" name="userLoginTest" time="5.198"/>
  <testcase classname="com.demoblaze.tests.AuthenticationTest" name="userLogoutTest" time="1.933"/>
  <testcase classname="com.demoblaze.tests.AuthenticationTest" name="invaliduserLoginTest" time="2.407"/>
  <testcase classname="com.demoblaze.tests.AuthenticationTest" name="cancelLogintest" time="0.0">
    <ignored/>
  </testcase> <!-- cancelLogintest -->
</testsuite> <!-- authentication -->
