<?xml version="1.0" encoding="UTF-8"?>
<!-- Generated by org.testng.reporters.JUnitXMLReporter -->
<testsuite ignored="0" hostname="INFLAP322" failures="0" tests="5" name="authentication" time="32.908" errors="0" timestamp="2020-12-27T13:56:18 IST">
  <testcase classname="com.demoblaze.tests.ContactTest" name="sendMessageTest" time="5.128"/>
  <testcase classname="com.demoblaze.tests.AuthenticationTest" name="userLoginTest" time="9.727"/>
  <testcase classname="com.demoblaze.tests.AuthenticationTest" name="userLogoutTest" time="1.899"/>
  <testcase classname="com.demoblaze.tests.AuthenticationTest" name="invaliduserLoginTest" time="2.314"/>
  <testcase classname="com.demoblaze.tests.AuthenticationTest" name="cancelLogintest" time="1.094"/>
</testsuite> <!-- authentication -->
