<?xml version="1.0" encoding="UTF-8"?>
<testng-results ignored="1" total="5" passed="4" failed="0" skipped="0">
  <reporter-output>
  </reporter-output>
  <suite started-at="2020-12-25T14:32:42 IST" name="Suite" finished-at="2020-12-25T14:33:07 IST" duration-ms="25405">
    <groups>
      <group name="regression">
        <method signature="AuthenticationTest.invaliduserLoginTest()[pri:2, instance:com.demoblaze.tests.AuthenticationTest@7c22d4f]" name="invaliduserLoginTest" class="com.demoblaze.tests.AuthenticationTest"/>
        <method signature="AuthenticationTest.userLoginTest()[pri:0, instance:com.demoblaze.tests.AuthenticationTest@7c22d4f]" name="userLoginTest" class="com.demoblaze.tests.AuthenticationTest"/>
        <method signature="AuthenticationTest.userLogoutTest()[pri:1, instance:com.demoblaze.tests.AuthenticationTest@7c22d4f]" name="userLogoutTest" class="com.demoblaze.tests.AuthenticationTest"/>
        <method signature="PurchaseTest.purchaseProduct()[pri:0, instance:com.demoblaze.tests.PurchaseTest@a7e2d9d]" name="purchaseProduct" class="com.demoblaze.tests.PurchaseTest"/>
      </group> <!-- regression -->
      <group name="sanity">
        <method signature="AuthenticationTest.invaliduserLoginTest()[pri:2, instance:com.demoblaze.tests.AuthenticationTest@7c22d4f]" name="invaliduserLoginTest" class="com.demoblaze.tests.AuthenticationTest"/>
        <method signature="AuthenticationTest.userLoginTest()[pri:0, instance:com.demoblaze.tests.AuthenticationTest@7c22d4f]" name="userLoginTest" class="com.demoblaze.tests.AuthenticationTest"/>
        <method signature="AuthenticationTest.userLogoutTest()[pri:1, instance:com.demoblaze.tests.AuthenticationTest@7c22d4f]" name="userLogoutTest" class="com.demoblaze.tests.AuthenticationTest"/>
        <method signature="PurchaseTest.purchaseProduct()[pri:0, instance:com.demoblaze.tests.PurchaseTest@a7e2d9d]" name="purchaseProduct" class="com.demoblaze.tests.PurchaseTest"/>
      </group> <!-- sanity -->
    </groups>
    <test started-at="2020-12-25T14:32:42 IST" name="authentication" finished-at="2020-12-25T14:33:04 IST" duration-ms="22463">
      <class name="com.demoblaze.tests.AuthenticationTest">
        <test-method is-config="true" signature="setConfig()[pri:0, instance:com.demoblaze.tests.AuthenticationTest@7c22d4f]" started-at="2020-12-25T14:32:42 IST" name="setConfig" finished-at="2020-12-25T14:32:52 IST" duration-ms="10489" status="PASS">
          <reporter-output>
          </reporter-output>
        </test-method> <!-- setConfig -->
        <test-method signature="userLoginTest()[pri:0, instance:com.demoblaze.tests.AuthenticationTest@7c22d4f]" started-at="2020-12-25T14:32:52 IST" name="userLoginTest" finished-at="2020-12-25T14:32:58 IST" duration-ms="5198" status="PASS">
          <reporter-output>
          </reporter-output>
        </test-method> <!-- userLoginTest -->
        <test-method signature="userLogoutTest()[pri:1, instance:com.demoblaze.tests.AuthenticationTest@7c22d4f]" started-at="2020-12-25T14:32:59 IST" name="userLogoutTest" finished-at="2020-12-25T14:33:01 IST" depends-on-methods="com.demoblaze.tests.AuthenticationTest.userLoginTest" duration-ms="1933" status="PASS">
          <reporter-output>
          </reporter-output>
        </test-method> <!-- userLogoutTest -->
        <test-method signature="invaliduserLoginTest()[pri:2, instance:com.demoblaze.tests.AuthenticationTest@7c22d4f]" started-at="2020-12-25T14:33:01 IST" name="invaliduserLoginTest" finished-at="2020-12-25T14:33:04 IST" duration-ms="2407" status="PASS">
          <reporter-output>
          </reporter-output>
        </test-method> <!-- invaliduserLoginTest -->
        <test-method is-config="true" signature="testTearDown()[pri:0, instance:com.demoblaze.tests.AuthenticationTest@7c22d4f]" started-at="2020-12-25T14:33:04 IST" name="testTearDown" finished-at="2020-12-25T14:33:04 IST" duration-ms="179" status="PASS">
          <reporter-output>
          </reporter-output>
        </test-method> <!-- testTearDown -->
      </class> <!-- com.demoblaze.tests.AuthenticationTest -->
    </test> <!-- authentication -->
    <test started-at="2020-12-25T14:32:42 IST" name="purchase" finished-at="2020-12-25T14:33:07 IST" duration-ms="25405">
      <class name="com.demoblaze.tests.PurchaseTest">
        <test-method is-config="true" signature="setConfig()[pri:0, instance:com.demoblaze.tests.PurchaseTest@a7e2d9d]" started-at="2020-12-25T14:32:42 IST" name="setConfig" finished-at="2020-12-25T14:32:52 IST" duration-ms="9545" status="PASS">
          <reporter-output>
          </reporter-output>
        </test-method> <!-- setConfig -->
        <test-method signature="purchaseProduct()[pri:0, instance:com.demoblaze.tests.PurchaseTest@a7e2d9d]" started-at="2020-12-25T14:32:52 IST" name="purchaseProduct" finished-at="2020-12-25T14:33:07 IST" duration-ms="15268" status="PASS">
          <reporter-output>
          </reporter-output>
        </test-method> <!-- purchaseProduct -->
        <test-method is-config="true" signature="testTearDown()[pri:0, instance:com.demoblaze.tests.PurchaseTest@a7e2d9d]" started-at="2020-12-25T14:33:07 IST" name="testTearDown" finished-at="2020-12-25T14:33:07 IST" duration-ms="111" status="PASS">
          <reporter-output>
          </reporter-output>
        </test-method> <!-- testTearDown -->
      </class> <!-- com.demoblaze.tests.PurchaseTest -->
    </test> <!-- purchase -->
  </suite> <!-- Suite -->
</testng-results>
